Line 679: Class TabDlg.SSTab of control SSTab1 was not a loaded control class.
Line 685: The property name _ExtentX in SSTab1 is invalid.
Line 686: The property name _ExtentY in SSTab1 is invalid.
Line 687: The property name _Version in SSTab1 is invalid.
Line 688: The property name Tabs in SSTab1 is invalid.
Line 689: The property name TabsPerRow in SSTab1 is invalid.
Line 690: The property name TabHeight in SSTab1 is invalid.
Line 691: The property name TabCaption(0) in SSTab1 is invalid.
Line 692: The property name TabPicture(0) in SSTab1 is invalid.
Line 693: The property name Tab(0).ControlEnabled in SSTab1 is invalid.
Line 694: The property name Tab(0).Control(0) in SSTab1 is invalid.
Line 695: The property name Tab(0).Control(0).Enabled in SSTab1 is invalid.
Line 696: The property name Tab(0).Control(1) in SSTab1 is invalid.
Line 697: The property name Tab(0).Control(1).Enabled in SSTab1 is invalid.
Line 698: The property name Tab(0).Control(2) in SSTab1 is invalid.
Line 699: The property name Tab(0).Control(2).Enabled in SSTab1 is invalid.
Line 700: The property name Tab(0).Control(3) in SSTab1 is invalid.
Line 701: The property name Tab(0).Control(3).Enabled in SSTab1 is invalid.
Line 702: The property name Tab(0).Control(4) in SSTab1 is invalid.
Line 703: The property name Tab(0).Control(4).Enabled in SSTab1 is invalid.
Line 704: The property name Tab(0).Control(5) in SSTab1 is invalid.
Line 705: The property name Tab(0).Control(5).Enabled in SSTab1 is invalid.
Line 706: The property name Tab(0).Control(6) in SSTab1 is invalid.
Line 707: The property name Tab(0).Control(6).Enabled in SSTab1 is invalid.
Line 708: The property name Tab(0).Control(7) in SSTab1 is invalid.
Line 709: The property name Tab(0).Control(7).Enabled in SSTab1 is invalid.
Line 710: The property name Tab(0).Control(8) in SSTab1 is invalid.
Line 711: The property name Tab(0).Control(8).Enabled in SSTab1 is invalid.
Line 712: The property name Tab(0).Control(9) in SSTab1 is invalid.
Line 713: The property name Tab(0).Control(9).Enabled in SSTab1 is invalid.
Line 714: The property name Tab(0).Control(10) in SSTab1 is invalid.
Line 715: The property name Tab(0).Control(10).Enabled in SSTab1 is invalid.
Line 716: The property name Tab(0).Control(11) in SSTab1 is invalid.
Line 717: The property name Tab(0).Control(11).Enabled in SSTab1 is invalid.
Line 718: The property name Tab(0).Control(12) in SSTab1 is invalid.
Line 719: The property name Tab(0).Control(12).Enabled in SSTab1 is invalid.
Line 720: The property name Tab(0).Control(13) in SSTab1 is invalid.
Line 721: The property name Tab(0).Control(13).Enabled in SSTab1 is invalid.
Line 722: The property name Tab(0).Control(14) in SSTab1 is invalid.
Line 723: The property name Tab(0).Control(14).Enabled in SSTab1 is invalid.
Line 724: The property name Tab(0).Control(15) in SSTab1 is invalid.
Line 725: The property name Tab(0).Control(15).Enabled in SSTab1 is invalid.
Line 726: The property name Tab(0).Control(16) in SSTab1 is invalid.
Line 727: The property name Tab(0).Control(16).Enabled in SSTab1 is invalid.
Line 728: The property name Tab(0).Control(17) in SSTab1 is invalid.
Line 729: The property name Tab(0).Control(17).Enabled in SSTab1 is invalid.
Line 730: The property name Tab(0).Control(18) in SSTab1 is invalid.
Line 731: The property name Tab(0).Control(18).Enabled in SSTab1 is invalid.
Line 732: The property name Tab(0).Control(19) in SSTab1 is invalid.
Line 733: The property name Tab(0).Control(19).Enabled in SSTab1 is invalid.
Line 734: The property name Tab(0).Control(20) in SSTab1 is invalid.
Line 735: The property name Tab(0).Control(20).Enabled in SSTab1 is invalid.
Line 736: The property name Tab(0).Control(21) in SSTab1 is invalid.
Line 737: The property name Tab(0).Control(21).Enabled in SSTab1 is invalid.
Line 738: The property name Tab(0).Control(22) in SSTab1 is invalid.
Line 739: The property name Tab(0).Control(22).Enabled in SSTab1 is invalid.
Line 740: The property name Tab(0).Control(23) in SSTab1 is invalid.
Line 741: The property name Tab(0).Control(23).Enabled in SSTab1 is invalid.
Line 742: The property name Tab(0).Control(24) in SSTab1 is invalid.
Line 743: The property name Tab(0).Control(24).Enabled in SSTab1 is invalid.
Line 744: The property name Tab(0).Control(25) in SSTab1 is invalid.
Line 745: The property name Tab(0).Control(25).Enabled in SSTab1 is invalid.
Line 746: The property name Tab(0).Control(26) in SSTab1 is invalid.
Line 747: The property name Tab(0).Control(26).Enabled in SSTab1 is invalid.
Line 748: The property name Tab(0).Control(27) in SSTab1 is invalid.
Line 749: The property name Tab(0).Control(27).Enabled in SSTab1 is invalid.
Line 750: The property name Tab(0).Control(28) in SSTab1 is invalid.
Line 751: The property name Tab(0).Control(28).Enabled in SSTab1 is invalid.
Line 752: The property name Tab(0).Control(29) in SSTab1 is invalid.
Line 753: The property name Tab(0).Control(29).Enabled in SSTab1 is invalid.
Line 754: The property name Tab(0).Control(30) in SSTab1 is invalid.
Line 755: The property name Tab(0).Control(30).Enabled in SSTab1 is invalid.
Line 756: The property name Tab(0).Control(31) in SSTab1 is invalid.
Line 757: The property name Tab(0).Control(31).Enabled in SSTab1 is invalid.
Line 758: The property name Tab(0).Control(32) in SSTab1 is invalid.
Line 759: The property name Tab(0).Control(32).Enabled in SSTab1 is invalid.
Line 760: The property name Tab(0).Control(33) in SSTab1 is invalid.
Line 761: The property name Tab(0).Control(33).Enabled in SSTab1 is invalid.
Line 762: The property name Tab(0).Control(34) in SSTab1 is invalid.
Line 763: The property name Tab(0).Control(34).Enabled in SSTab1 is invalid.
Line 764: The property name Tab(0).Control(35) in SSTab1 is invalid.
Line 765: The property name Tab(0).Control(35).Enabled in SSTab1 is invalid.
Line 766: The property name Tab(0).Control(36) in SSTab1 is invalid.
Line 767: The property name Tab(0).Control(36).Enabled in SSTab1 is invalid.
Line 768: The property name Tab(0).Control(37) in SSTab1 is invalid.
Line 769: The property name Tab(0).Control(37).Enabled in SSTab1 is invalid.
Line 770: The property name Tab(0).Control(38) in SSTab1 is invalid.
Line 771: The property name Tab(0).Control(38).Enabled in SSTab1 is invalid.
Line 772: The property name Tab(0).Control(39) in SSTab1 is invalid.
Line 773: The property name Tab(0).Control(39).Enabled in SSTab1 is invalid.
Line 774: The property name Tab(0).Control(40) in SSTab1 is invalid.
Line 775: The property name Tab(0).Control(40).Enabled in SSTab1 is invalid.
Line 776: The property name Tab(0).Control(41) in SSTab1 is invalid.
Line 777: The property name Tab(0).Control(41).Enabled in SSTab1 is invalid.
Line 778: The property name Tab(0).Control(42) in SSTab1 is invalid.
Line 779: The property name Tab(0).Control(42).Enabled in SSTab1 is invalid.
Line 780: The property name Tab(0).Control(43) in SSTab1 is invalid.
Line 781: The property name Tab(0).Control(43).Enabled in SSTab1 is invalid.
Line 782: The property name Tab(0).Control(44) in SSTab1 is invalid.
Line 783: The property name Tab(0).Control(44).Enabled in SSTab1 is invalid.
Line 784: The property name Tab(0).Control(45) in SSTab1 is invalid.
Line 785: The property name Tab(0).Control(45).Enabled in SSTab1 is invalid.
Line 786: The property name Tab(0).Control(46) in SSTab1 is invalid.
Line 787: The property name Tab(0).Control(46).Enabled in SSTab1 is invalid.
Line 788: The property name Tab(0).ControlCount in SSTab1 is invalid.
Line 789: The property name TabCaption(1) in SSTab1 is invalid.
Line 790: The property name TabPicture(1) in SSTab1 is invalid.
Line 791: The property name Tab(1).ControlEnabled in SSTab1 is invalid.
Line 792: The property name Tab(1).Control(0) in SSTab1 is invalid.
Line 793: The property name Tab(1).Control(1) in SSTab1 is invalid.
Line 794: The property name Tab(1).Control(2) in SSTab1 is invalid.
Line 795: The property name Tab(1).Control(3) in SSTab1 is invalid.
Line 796: The property name Tab(1).Control(4) in SSTab1 is invalid.
Line 797: The property name Tab(1).Control(5) in SSTab1 is invalid.
Line 798: The property name Tab(1).Control(6) in SSTab1 is invalid.
Line 799: The property name Tab(1).Control(7) in SSTab1 is invalid.
Line 800: The property name Tab(1).Control(8) in SSTab1 is invalid.
Line 801: The property name Tab(1).Control(9) in SSTab1 is invalid.
Line 802: The property name Tab(1).Control(10) in SSTab1 is invalid.
Line 803: The property name Tab(1).Control(11) in SSTab1 is invalid.
Line 804: The property name Tab(1).Control(12) in SSTab1 is invalid.
Line 805: The property name Tab(1).Control(13) in SSTab1 is invalid.
Line 806: The property name Tab(1).Control(14) in SSTab1 is invalid.
Line 807: The property name Tab(1).Control(15) in SSTab1 is invalid.
Line 808: The property name Tab(1).Control(16) in SSTab1 is invalid.
Line 809: The property name Tab(1).Control(17) in SSTab1 is invalid.
Line 810: The property name Tab(1).Control(18) in SSTab1 is invalid.
Line 811: The property name Tab(1).Control(19) in SSTab1 is invalid.
Line 812: The property name Tab(1).Control(20) in SSTab1 is invalid.
Line 813: The property name Tab(1).Control(21) in SSTab1 is invalid.
Line 814: The property name Tab(1).Control(22) in SSTab1 is invalid.
Line 815: The property name Tab(1).Control(23) in SSTab1 is invalid.
Line 816: The property name Tab(1).Control(24) in SSTab1 is invalid.
Line 817: The property name Tab(1).Control(25) in SSTab1 is invalid.
Line 818: The property name Tab(1).Control(26) in SSTab1 is invalid.
Line 819: The property name Tab(1).Control(27) in SSTab1 is invalid.
Line 820: The property name Tab(1).Control(28) in SSTab1 is invalid.
Line 821: The property name Tab(1).Control(29) in SSTab1 is invalid.
Line 822: The property name Tab(1).Control(30) in SSTab1 is invalid.
Line 823: The property name Tab(1).Control(31) in SSTab1 is invalid.
Line 824: The property name Tab(1).ControlCount in SSTab1 is invalid.
Line 825: The property name TabCaption(2) in SSTab1 is invalid.
Line 826: The property name TabPicture(2) in SSTab1 is invalid.
Line 827: The property name Tab(2).ControlEnabled in SSTab1 is invalid.
Line 828: The property name Tab(2).Control(0) in SSTab1 is invalid.
Line 829: The property name Tab(2).Control(1) in SSTab1 is invalid.
Line 830: The property name Tab(2).Control(2) in SSTab1 is invalid.
Line 831: The property name Tab(2).Control(3) in SSTab1 is invalid.
Line 832: The property name Tab(2).Control(4) in SSTab1 is invalid.
Line 833: The property name Tab(2).Control(5) in SSTab1 is invalid.
Line 834: The property name Tab(2).Control(6) in SSTab1 is invalid.
Line 835: The property name Tab(2).Control(7) in SSTab1 is invalid.
Line 836: The property name Tab(2).Control(8) in SSTab1 is invalid.
Line 837: The property name Tab(2).Control(9) in SSTab1 is invalid.
Line 838: The property name Tab(2).Control(10) in SSTab1 is invalid.
Line 839: The property name Tab(2).Control(11) in SSTab1 is invalid.
Line 840: The property name Tab(2).Control(12) in SSTab1 is invalid.
Line 841: The property name Tab(2).Control(13) in SSTab1 is invalid.
Line 842: The property name Tab(2).Control(14) in SSTab1 is invalid.
Line 843: The property name Tab(2).Control(15) in SSTab1 is invalid.
Line 844: The property name Tab(2).Control(16) in SSTab1 is invalid.
Line 845: The property name Tab(2).ControlCount in SSTab1 is invalid.
Line 846: The property name TabCaption(3) in SSTab1 is invalid.
Line 847: The property name TabPicture(3) in SSTab1 is invalid.
Line 848: The property name Tab(3).ControlEnabled in SSTab1 is invalid.
Line 849: The property name Tab(3).Control(0) in SSTab1 is invalid.
Line 850: The property name Tab(3).Control(1) in SSTab1 is invalid.
Line 851: The property name Tab(3).ControlCount in SSTab1 is invalid.
Line 852: The property name TabCaption(4) in SSTab1 is invalid.
Line 853: The property name TabPicture(4) in SSTab1 is invalid.
Line 854: The property name Tab(4).ControlEnabled in SSTab1 is invalid.
Line 855: The property name Tab(4).Control(0) in SSTab1 is invalid.
Line 856: The property name Tab(4).ControlCount in SSTab1 is invalid.
Line 857: The property name TabCaption(5) in SSTab1 is invalid.
Line 858: The property name TabPicture(5) in SSTab1 is invalid.
Line 859: The property name Tab(5).ControlEnabled in SSTab1 is invalid.
Line 860: The property name Tab(5).Control(0) in SSTab1 is invalid.
Line 861: The property name Tab(5).ControlCount in SSTab1 is invalid.
Line 685: The property name _ExtentX in SSTab1 is invalid.
Line 686: The property name _ExtentY in SSTab1 is invalid.
Line 687: The property name _Version in SSTab1 is invalid.
Line 688: The property name Tabs in SSTab1 is invalid.
Line 689: The property name TabsPerRow in SSTab1 is invalid.
Line 690: The property name TabHeight in SSTab1 is invalid.
Line 691: The property name TabCaption(0) in SSTab1 is invalid.
Line 692: The property name TabPicture(0) in SSTab1 is invalid.
Line 693: The property name Tab(0).ControlEnabled in SSTab1 is invalid.
Line 694: The property name Tab(0).Control(0) in SSTab1 is invalid.
Line 695: The property name Tab(0).Control(0).Enabled in SSTab1 is invalid.
Line 696: The property name Tab(0).Control(1) in SSTab1 is invalid.
Line 697: The property name Tab(0).Control(1).Enabled in SSTab1 is invalid.
Line 698: The property name Tab(0).Control(2) in SSTab1 is invalid.
Line 699: The property name Tab(0).Control(2).Enabled in SSTab1 is invalid.
Line 700: The property name Tab(0).Control(3) in SSTab1 is invalid.
Line 701: The property name Tab(0).Control(3).Enabled in SSTab1 is invalid.
Line 702: The property name Tab(0).Control(4) in SSTab1 is invalid.
Line 703: The property name Tab(0).Control(4).Enabled in SSTab1 is invalid.
Line 704: The property name Tab(0).Control(5) in SSTab1 is invalid.
Line 705: The property name Tab(0).Control(5).Enabled in SSTab1 is invalid.
Line 706: The property name Tab(0).Control(6) in SSTab1 is invalid.
Line 707: The property name Tab(0).Control(6).Enabled in SSTab1 is invalid.
Line 708: The property name Tab(0).Control(7) in SSTab1 is invalid.
Line 709: The property name Tab(0).Control(7).Enabled in SSTab1 is invalid.
Line 710: The property name Tab(0).Control(8) in SSTab1 is invalid.
Line 711: The property name Tab(0).Control(8).Enabled in SSTab1 is invalid.
Line 712: The property name Tab(0).Control(9) in SSTab1 is invalid.
Line 713: The property name Tab(0).Control(9).Enabled in SSTab1 is invalid.
Line 714: The property name Tab(0).Control(10) in SSTab1 is invalid.
Line 715: The property name Tab(0).Control(10).Enabled in SSTab1 is invalid.
Line 716: The property name Tab(0).Control(11) in SSTab1 is invalid.
Line 717: The property name Tab(0).Control(11).Enabled in SSTab1 is invalid.
Line 718: The property name Tab(0).Control(12) in SSTab1 is invalid.
Line 719: The property name Tab(0).Control(12).Enabled in SSTab1 is invalid.
Line 720: The property name Tab(0).Control(13) in SSTab1 is invalid.
Line 721: The property name Tab(0).Control(13).Enabled in SSTab1 is invalid.
Line 722: The property name Tab(0).Control(14) in SSTab1 is invalid.
Line 723: The property name Tab(0).Control(14).Enabled in SSTab1 is invalid.
Line 724: The property name Tab(0).Control(15) in SSTab1 is invalid.
Line 725: The property name Tab(0).Control(15).Enabled in SSTab1 is invalid.
Line 726: The property name Tab(0).Control(16) in SSTab1 is invalid.
Line 727: The property name Tab(0).Control(16).Enabled in SSTab1 is invalid.
Line 728: The property name Tab(0).Control(17) in SSTab1 is invalid.
Line 729: The property name Tab(0).Control(17).Enabled in SSTab1 is invalid.
Line 730: The property name Tab(0).Control(18) in SSTab1 is invalid.
Line 731: The property name Tab(0).Control(18).Enabled in SSTab1 is invalid.
Line 732: The property name Tab(0).Control(19) in SSTab1 is invalid.
Line 733: The property name Tab(0).Control(19).Enabled in SSTab1 is invalid.
Line 734: The property name Tab(0).Control(20) in SSTab1 is invalid.
Line 735: The property name Tab(0).Control(20).Enabled in SSTab1 is invalid.
Line 736: The property name Tab(0).Control(21) in SSTab1 is invalid.
Line 737: The property name Tab(0).Control(21).Enabled in SSTab1 is invalid.
Line 738: The property name Tab(0).Control(22) in SSTab1 is invalid.
Line 739: The property name Tab(0).Control(22).Enabled in SSTab1 is invalid.
Line 740: The property name Tab(0).Control(23) in SSTab1 is invalid.
Line 741: The property name Tab(0).Control(23).Enabled in SSTab1 is invalid.
Line 742: The property name Tab(0).Control(24) in SSTab1 is invalid.
Line 743: The property name Tab(0).Control(24).Enabled in SSTab1 is invalid.
Line 744: The property name Tab(0).Control(25) in SSTab1 is invalid.
Line 745: The property name Tab(0).Control(25).Enabled in SSTab1 is invalid.
Line 746: The property name Tab(0).Control(26) in SSTab1 is invalid.
Line 747: The property name Tab(0).Control(26).Enabled in SSTab1 is invalid.
Line 748: The property name Tab(0).Control(27) in SSTab1 is invalid.
Line 749: The property name Tab(0).Control(27).Enabled in SSTab1 is invalid.
Line 750: The property name Tab(0).Control(28) in SSTab1 is invalid.
Line 751: The property name Tab(0).Control(28).Enabled in SSTab1 is invalid.
Line 752: The property name Tab(0).Control(29) in SSTab1 is invalid.
Line 753: The property name Tab(0).Control(29).Enabled in SSTab1 is invalid.
Line 754: The property name Tab(0).Control(30) in SSTab1 is invalid.
Line 755: The property name Tab(0).Control(30).Enabled in SSTab1 is invalid.
Line 756: The property name Tab(0).Control(31) in SSTab1 is invalid.
Line 757: The property name Tab(0).Control(31).Enabled in SSTab1 is invalid.
Line 758: The property name Tab(0).Control(32) in SSTab1 is invalid.
Line 759: The property name Tab(0).Control(32).Enabled in SSTab1 is invalid.
Line 760: The property name Tab(0).Control(33) in SSTab1 is invalid.
Line 761: The property name Tab(0).Control(33).Enabled in SSTab1 is invalid.
Line 762: The property name Tab(0).Control(34) in SSTab1 is invalid.
Line 763: The property name Tab(0).Control(34).Enabled in SSTab1 is invalid.
Line 764: The property name Tab(0).Control(35) in SSTab1 is invalid.
Line 765: The property name Tab(0).Control(35).Enabled in SSTab1 is invalid.
Line 766: The property name Tab(0).Control(36) in SSTab1 is invalid.
Line 767: The property name Tab(0).Control(36).Enabled in SSTab1 is invalid.
Line 768: The property name Tab(0).Control(37) in SSTab1 is invalid.
Line 769: The property name Tab(0).Control(37).Enabled in SSTab1 is invalid.
Line 770: The property name Tab(0).Control(38) in SSTab1 is invalid.
Line 771: The property name Tab(0).Control(38).Enabled in SSTab1 is invalid.
Line 772: The property name Tab(0).Control(39) in SSTab1 is invalid.
Line 773: The property name Tab(0).Control(39).Enabled in SSTab1 is invalid.
Line 774: The property name Tab(0).Control(40) in SSTab1 is invalid.
Line 775: The property name Tab(0).Control(40).Enabled in SSTab1 is invalid.
Line 776: The property name Tab(0).Control(41) in SSTab1 is invalid.
Line 777: The property name Tab(0).Control(41).Enabled in SSTab1 is invalid.
Line 778: The property name Tab(0).Control(42) in SSTab1 is invalid.
Line 779: The property name Tab(0).Control(42).Enabled in SSTab1 is invalid.
Line 780: The property name Tab(0).Control(43) in SSTab1 is invalid.
Line 781: The property name Tab(0).Control(43).Enabled in SSTab1 is invalid.
Line 782: The property name Tab(0).Control(44) in SSTab1 is invalid.
Line 783: The property name Tab(0).Control(44).Enabled in SSTab1 is invalid.
Line 784: The property name Tab(0).Control(45) in SSTab1 is invalid.
Line 785: The property name Tab(0).Control(45).Enabled in SSTab1 is invalid.
Line 786: The property name Tab(0).Control(46) in SSTab1 is invalid.
Line 787: The property name Tab(0).Control(46).Enabled in SSTab1 is invalid.
Line 788: The property name Tab(0).ControlCount in SSTab1 is invalid.
Line 789: The property name TabCaption(1) in SSTab1 is invalid.
Line 790: The property name TabPicture(1) in SSTab1 is invalid.
Line 791: The property name Tab(1).ControlEnabled in SSTab1 is invalid.
Line 792: The property name Tab(1).Control(0) in SSTab1 is invalid.
Line 793: The property name Tab(1).Control(1) in SSTab1 is invalid.
Line 794: The property name Tab(1).Control(2) in SSTab1 is invalid.
Line 795: The property name Tab(1).Control(3) in SSTab1 is invalid.
Line 796: The property name Tab(1).Control(4) in SSTab1 is invalid.
Line 797: The property name Tab(1).Control(5) in SSTab1 is invalid.
Line 798: The property name Tab(1).Control(6) in SSTab1 is invalid.
Line 799: The property name Tab(1).Control(7) in SSTab1 is invalid.
Line 800: The property name Tab(1).Control(8) in SSTab1 is invalid.
Line 801: The property name Tab(1).Control(9) in SSTab1 is invalid.
Line 802: The property name Tab(1).Control(10) in SSTab1 is invalid.
Line 803: The property name Tab(1).Control(11) in SSTab1 is invalid.
Line 804: The property name Tab(1).Control(12) in SSTab1 is invalid.
Line 805: The property name Tab(1).Control(13) in SSTab1 is invalid.
Line 806: The property name Tab(1).Control(14) in SSTab1 is invalid.
Line 807: The property name Tab(1).Control(15) in SSTab1 is invalid.
Line 808: The property name Tab(1).Control(16) in SSTab1 is invalid.
Line 809: The property name Tab(1).Control(17) in SSTab1 is invalid.
Line 810: The property name Tab(1).Control(18) in SSTab1 is invalid.
Line 811: The property name Tab(1).Control(19) in SSTab1 is invalid.
Line 812: The property name Tab(1).Control(20) in SSTab1 is invalid.
Line 813: The property name Tab(1).Control(21) in SSTab1 is invalid.
Line 814: The property name Tab(1).Control(22) in SSTab1 is invalid.
Line 815: The property name Tab(1).Control(23) in SSTab1 is invalid.
Line 816: The property name Tab(1).Control(24) in SSTab1 is invalid.
Line 817: The property name Tab(1).Control(25) in SSTab1 is invalid.
Line 818: The property name Tab(1).Control(26) in SSTab1 is invalid.
Line 819: The property name Tab(1).Control(27) in SSTab1 is invalid.
Line 820: The property name Tab(1).Control(28) in SSTab1 is invalid.
Line 821: The property name Tab(1).Control(29) in SSTab1 is invalid.
Line 822: The property name Tab(1).Control(30) in SSTab1 is invalid.
Line 823: The property name Tab(1).Control(31) in SSTab1 is invalid.
Line 824: The property name Tab(1).ControlCount in SSTab1 is invalid.
Line 825: The property name TabCaption(2) in SSTab1 is invalid.
Line 826: The property name TabPicture(2) in SSTab1 is invalid.
Line 827: The property name Tab(2).ControlEnabled in SSTab1 is invalid.
Line 828: The property name Tab(2).Control(0) in SSTab1 is invalid.
Line 829: The property name Tab(2).Control(1) in SSTab1 is invalid.
Line 830: The property name Tab(2).Control(2) in SSTab1 is invalid.
Line 831: The property name Tab(2).Control(3) in SSTab1 is invalid.
Line 832: The property name Tab(2).Control(4) in SSTab1 is invalid.
Line 833: The property name Tab(2).Control(5) in SSTab1 is invalid.
Line 834: The property name Tab(2).Control(6) in SSTab1 is invalid.
Line 835: The property name Tab(2).Control(7) in SSTab1 is invalid.
Line 836: The property name Tab(2).Control(8) in SSTab1 is invalid.
Line 837: The property name Tab(2).Control(9) in SSTab1 is invalid.
Line 838: The property name Tab(2).Control(10) in SSTab1 is invalid.
Line 839: The property name Tab(2).Control(11) in SSTab1 is invalid.
Line 840: The property name Tab(2).Control(12) in SSTab1 is invalid.
Line 841: The property name Tab(2).Control(13) in SSTab1 is invalid.
Line 842: The property name Tab(2).Control(14) in SSTab1 is invalid.
Line 843: The property name Tab(2).Control(15) in SSTab1 is invalid.
Line 844: The property name Tab(2).Control(16) in SSTab1 is invalid.
Line 845: The property name Tab(2).ControlCount in SSTab1 is invalid.
Line 846: The property name TabCaption(3) in SSTab1 is invalid.
Line 847: The property name TabPicture(3) in SSTab1 is invalid.
Line 848: The property name Tab(3).ControlEnabled in SSTab1 is invalid.
Line 849: The property name Tab(3).Control(0) in SSTab1 is invalid.
Line 850: The property name Tab(3).Control(1) in SSTab1 is invalid.
Line 851: The property name Tab(3).ControlCount in SSTab1 is invalid.
Line 852: The property name TabCaption(4) in SSTab1 is invalid.
Line 853: The property name TabPicture(4) in SSTab1 is invalid.
Line 854: The property name Tab(4).ControlEnabled in SSTab1 is invalid.
Line 855: The property name Tab(4).Control(0) in SSTab1 is invalid.
Line 856: The property name Tab(4).ControlCount in SSTab1 is invalid.
Line 857: The property name TabCaption(5) in SSTab1 is invalid.
Line 858: The property name TabPicture(5) in SSTab1 is invalid.
Line 859: The property name Tab(5).ControlEnabled in SSTab1 is invalid.
Line 860: The property name Tab(5).Control(0) in SSTab1 is invalid.
Line 861: The property name Tab(5).ControlCount in SSTab1 is invalid.
