Line 304: Class TabDlg.SSTab of control SSTab1 was not a loaded control class.
Line 2327: Class RichTextLib.RichTextBox of control dusunce was not a loaded control class.
Line 2362: Class RichTextLib.RichTextBox of control velievadresi was not a loaded control class.
Line 2375: Class RichTextLib.RichTextBox of control veliisadresi was not a loaded control class.
Line 2388: Class RichTextLib.RichTextBox of control ogrevadresi was not a loaded control class.
Line 310: The property name _ExtentX in SSTab1 is invalid.
Line 311: The property name _ExtentY in SSTab1 is invalid.
Line 312: The property name _Version in SSTab1 is invalid.
Line 313: The property name Tabs in SSTab1 is invalid.
Line 314: The property name Tab in SSTab1 is invalid.
Line 315: The property name TabsPerRow in SSTab1 is invalid.
Line 316: The property name TabHeight in SSTab1 is invalid.
Line 317: The property name TabCaption(0) in SSTab1 is invalid.
Line 318: The property name TabPicture(0) in SSTab1 is invalid.
Line 319: The property name Tab(0).ControlEnabled in SSTab1 is invalid.
Line 320: The property name Tab(0).Control(0) in SSTab1 is invalid.
Line 321: The property name Tab(0).Control(1) in SSTab1 is invalid.
Line 322: The property name Tab(0).Control(2) in SSTab1 is invalid.
Line 323: The property name Tab(0).Control(3) in SSTab1 is invalid.
Line 324: The property name Tab(0).Control(4) in SSTab1 is invalid.
Line 325: The property name Tab(0).Control(5) in SSTab1 is invalid.
Line 326: The property name Tab(0).Control(6) in SSTab1 is invalid.
Line 327: The property name Tab(0).Control(7) in SSTab1 is invalid.
Line 328: The property name Tab(0).Control(8) in SSTab1 is invalid.
Line 329: The property name Tab(0).Control(9) in SSTab1 is invalid.
Line 330: The property name Tab(0).Control(10) in SSTab1 is invalid.
Line 331: The property name Tab(0).Control(11) in SSTab1 is invalid.
Line 332: The property name Tab(0).Control(12) in SSTab1 is invalid.
Line 333: The property name Tab(0).Control(13) in SSTab1 is invalid.
Line 334: The property name Tab(0).Control(14) in SSTab1 is invalid.
Line 335: The property name Tab(0).Control(15) in SSTab1 is invalid.
Line 336: The property name Tab(0).Control(16) in SSTab1 is invalid.
Line 337: The property name Tab(0).Control(17) in SSTab1 is invalid.
Line 338: The property name Tab(0).Control(18) in SSTab1 is invalid.
Line 339: The property name Tab(0).Control(19) in SSTab1 is invalid.
Line 340: The property name Tab(0).Control(20) in SSTab1 is invalid.
Line 341: The property name Tab(0).Control(21) in SSTab1 is invalid.
Line 342: The property name Tab(0).Control(22) in SSTab1 is invalid.
Line 343: The property name Tab(0).Control(23) in SSTab1 is invalid.
Line 344: The property name Tab(0).Control(24) in SSTab1 is invalid.
Line 345: The property name Tab(0).Control(25) in SSTab1 is invalid.
Line 346: The property name Tab(0).Control(26) in SSTab1 is invalid.
Line 347: The property name Tab(0).Control(27) in SSTab1 is invalid.
Line 348: The property name Tab(0).Control(28) in SSTab1 is invalid.
Line 349: The property name Tab(0).Control(29) in SSTab1 is invalid.
Line 350: The property name Tab(0).Control(30) in SSTab1 is invalid.
Line 351: The property name Tab(0).Control(31) in SSTab1 is invalid.
Line 352: The property name Tab(0).Control(32) in SSTab1 is invalid.
Line 353: The property name Tab(0).Control(33) in SSTab1 is invalid.
Line 354: The property name Tab(0).Control(34) in SSTab1 is invalid.
Line 355: The property name Tab(0).Control(35) in SSTab1 is invalid.
Line 356: The property name Tab(0).Control(36) in SSTab1 is invalid.
Line 357: The property name Tab(0).Control(37) in SSTab1 is invalid.
Line 358: The property name Tab(0).Control(38) in SSTab1 is invalid.
Line 359: The property name Tab(0).Control(39) in SSTab1 is invalid.
Line 360: The property name Tab(0).Control(40) in SSTab1 is invalid.
Line 361: The property name Tab(0).Control(41) in SSTab1 is invalid.
Line 362: The property name Tab(0).Control(42) in SSTab1 is invalid.
Line 363: The property name Tab(0).Control(43) in SSTab1 is invalid.
Line 364: The property name Tab(0).Control(44) in SSTab1 is invalid.
Line 365: The property name Tab(0).Control(45) in SSTab1 is invalid.
Line 366: The property name Tab(0).Control(46) in SSTab1 is invalid.
Line 367: The property name Tab(0).ControlCount in SSTab1 is invalid.
Line 368: The property name TabCaption(1) in SSTab1 is invalid.
Line 369: The property name TabPicture(1) in SSTab1 is invalid.
Line 370: The property name Tab(1).ControlEnabled in SSTab1 is invalid.
Line 371: The property name Tab(1).Control(0) in SSTab1 is invalid.
Line 372: The property name Tab(1).Control(1) in SSTab1 is invalid.
Line 373: The property name Tab(1).Control(2) in SSTab1 is invalid.
Line 374: The property name Tab(1).Control(3) in SSTab1 is invalid.
Line 375: The property name Tab(1).Control(4) in SSTab1 is invalid.
Line 376: The property name Tab(1).Control(5) in SSTab1 is invalid.
Line 377: The property name Tab(1).Control(6) in SSTab1 is invalid.
Line 378: The property name Tab(1).Control(7) in SSTab1 is invalid.
Line 379: The property name Tab(1).Control(8) in SSTab1 is invalid.
Line 380: The property name Tab(1).Control(9) in SSTab1 is invalid.
Line 381: The property name Tab(1).Control(10) in SSTab1 is invalid.
Line 382: The property name Tab(1).Control(11) in SSTab1 is invalid.
Line 383: The property name Tab(1).Control(12) in SSTab1 is invalid.
Line 384: The property name Tab(1).Control(13) in SSTab1 is invalid.
Line 385: The property name Tab(1).Control(14) in SSTab1 is invalid.
Line 386: The property name Tab(1).Control(15) in SSTab1 is invalid.
Line 387: The property name Tab(1).Control(16) in SSTab1 is invalid.
Line 388: The property name Tab(1).Control(17) in SSTab1 is invalid.
Line 389: The property name Tab(1).Control(18) in SSTab1 is invalid.
Line 390: The property name Tab(1).Control(19) in SSTab1 is invalid.
Line 391: The property name Tab(1).Control(20) in SSTab1 is invalid.
Line 392: The property name Tab(1).Control(21) in SSTab1 is invalid.
Line 393: The property name Tab(1).Control(22) in SSTab1 is invalid.
Line 394: The property name Tab(1).Control(23) in SSTab1 is invalid.
Line 395: The property name Tab(1).Control(24) in SSTab1 is invalid.
Line 396: The property name Tab(1).Control(25) in SSTab1 is invalid.
Line 397: The property name Tab(1).Control(26) in SSTab1 is invalid.
Line 398: The property name Tab(1).Control(27) in SSTab1 is invalid.
Line 399: The property name Tab(1).Control(28) in SSTab1 is invalid.
Line 400: The property name Tab(1).Control(29) in SSTab1 is invalid.
Line 401: The property name Tab(1).Control(30) in SSTab1 is invalid.
Line 402: The property name Tab(1).Control(31) in SSTab1 is invalid.
Line 403: The property name Tab(1).ControlCount in SSTab1 is invalid.
Line 404: The property name TabCaption(2) in SSTab1 is invalid.
Line 405: The property name TabPicture(2) in SSTab1 is invalid.
Line 406: The property name Tab(2).ControlEnabled in SSTab1 is invalid.
Line 407: The property name Tab(2).Control(0) in SSTab1 is invalid.
Line 408: The property name Tab(2).Control(1) in SSTab1 is invalid.
Line 409: The property name Tab(2).Control(2) in SSTab1 is invalid.
Line 410: The property name Tab(2).Control(3) in SSTab1 is invalid.
Line 411: The property name Tab(2).Control(4) in SSTab1 is invalid.
Line 412: The property name Tab(2).Control(5) in SSTab1 is invalid.
Line 413: The property name Tab(2).Control(6) in SSTab1 is invalid.
Line 414: The property name Tab(2).Control(7) in SSTab1 is invalid.
Line 415: The property name Tab(2).Control(8) in SSTab1 is invalid.
Line 416: The property name Tab(2).Control(9) in SSTab1 is invalid.
Line 417: The property name Tab(2).Control(10) in SSTab1 is invalid.
Line 418: The property name Tab(2).Control(11) in SSTab1 is invalid.
Line 419: The property name Tab(2).Control(12) in SSTab1 is invalid.
Line 420: The property name Tab(2).Control(13) in SSTab1 is invalid.
Line 421: The property name Tab(2).Control(14) in SSTab1 is invalid.
Line 422: The property name Tab(2).Control(15) in SSTab1 is invalid.
Line 423: The property name Tab(2).Control(16) in SSTab1 is invalid.
Line 424: The property name Tab(2).ControlCount in SSTab1 is invalid.
Line 425: The property name TabCaption(3) in SSTab1 is invalid.
Line 426: The property name TabPicture(3) in SSTab1 is invalid.
Line 427: The property name Tab(3).ControlEnabled in SSTab1 is invalid.
Line 428: The property name Tab(3).Control(0) in SSTab1 is invalid.
Line 429: The property name Tab(3).Control(1) in SSTab1 is invalid.
Line 430: The property name Tab(3).ControlCount in SSTab1 is invalid.
Line 431: The property name TabCaption(4) in SSTab1 is invalid.
Line 432: The property name TabPicture(4) in SSTab1 is invalid.
Line 433: The property name Tab(4).ControlEnabled in SSTab1 is invalid.
Line 434: The property name Tab(4).Control(0) in SSTab1 is invalid.
Line 435: The property name Tab(4).ControlCount in SSTab1 is invalid.
Line 436: The property name TabCaption(5) in SSTab1 is invalid.
Line 437: The property name TabPicture(5) in SSTab1 is invalid.
Line 438: The property name Tab(5).ControlEnabled in SSTab1 is invalid.
Line 439: The property name Tab(5).Control(0) in SSTab1 is invalid.
Line 440: The property name Tab(5).Control(0).Enabled in SSTab1 is invalid.
Line 441: The property name Tab(5).ControlCount in SSTab1 is invalid.
Line 2335: The property name _ExtentX in dusunce is invalid.
Line 2336: The property name _ExtentY in dusunce is invalid.
Line 2337: The property name _Version in dusunce is invalid.
Line 2339: The property name TextRTF in dusunce is invalid.
Line 2370: The property name _ExtentX in velievadresi is invalid.
Line 2371: The property name _ExtentY in velievadresi is invalid.
Line 2372: The property name _Version in velievadresi is invalid.
Line 2373: The property name TextRTF in velievadresi is invalid.
Line 2383: The property name _ExtentX in veliisadresi is invalid.
Line 2384: The property name _ExtentY in veliisadresi is invalid.
Line 2385: The property name _Version in veliisadresi is invalid.
Line 2386: The property name TextRTF in veliisadresi is invalid.
Line 2396: The property name _ExtentX in ogrevadresi is invalid.
Line 2397: The property name _ExtentY in ogrevadresi is invalid.
Line 2398: The property name _Version in ogrevadresi is invalid.
Line 2399: The property name TextRTF in ogrevadresi is invalid.
